{"total": {"lines":{"total":2764,"covered":776,"skipped":0,"pct":28.07},"statements":{"total":2825,"covered":785,"skipped":0,"pct":27.78},"functions":{"total":513,"covered":78,"skipped":0,"pct":15.2},"branches":{"total":1829,"covered":138,"skipped":0,"pct":7.54},"branchesTrue":{"total":0,"covered":0,"skipped":0,"pct":100}}
,"/home/travis/docCode/agreement-orchestration-ux/packages/configurator/src/components/DataChip/DataChip.tsx": {"lines":{"total":15,"covered":2,"skipped":0,"pct":13.33},"functions":{"total":2,"covered":0,"skipped":0,"pct":0},"statements":{"total":15,"covered":2,"skipped":0,"pct":13.33},"branches":{"total":16,"covered":0,"skipped":0,"pct":0}}
,"/home/travis/docCode/agreement-orchestration-ux/packages/configurator/src/components/MultiChannelDelivery/MultiChannelDelivery.tsx": {"lines":{"total":54,"covered":50,"skipped":0,"pct":92.59},"functions":{"total":9,"covered":8,"skipped":0,"pct":88.88},"statements":{"total":55,"covered":51,"skipped":0,"pct":92.72},"branches":{"total":66,"covered":63,"skipped":0,"pct":95.45}}
,"/home/travis/docCode/agreement-orchestration-ux/packages/configurator/src/components/MultiChannelDelivery/DeliveryConsentModal/DeliveryConsentModal.tsx": {"lines":{"total":4,"covered":4,"skipped":0,"pct":100},"functions":{"total":2,"covered":2,"skipped":0,"pct":100},"statements":{"total":4,"covered":4,"skipped":0,"pct":100},"branches":{"total":0,"covered":0,"skipped":0,"pct":100}}
,"/home/travis/docCode/agreement-orchestration-ux/packages/configurator/src/components/WorkflowParticipantSelectorV2/WorkflowParticipantSelectorV2.tsx": {"lines":{"total":42,"covered":26,"skipped":0,"pct":61.9},"functions":{"total":17,"covered":11,"skipped":0,"pct":64.7},"statements":{"total":46,"covered":30,"skipped":0,"pct":65.21},"branches":{"total":40,"covered":22,"skipped":0,"pct":55}}
,"/home/travis/docCode/agreement-orchestration-ux/packages/configurator/src/components/WorkflowParticipantSelectorV2/AddParticipantModal/AddParticipantModal.tsx": {"lines":{"total":37,"covered":16,"skipped":0,"pct":43.24},"functions":{"total":9,"covered":3,"skipped":0,"pct":33.33},"statements":{"total":38,"covered":16,"skipped":0,"pct":42.1},"branches":{"total":14,"covered":4,"skipped":0,"pct":28.57}}
,"/home/travis/docCode/agreement-orchestration-ux/packages/configurator/src/components/WorkflowParticipantSelectorV2/ParticipantInfoSection/ParticipantFieldSection.tsx": {"lines":{"total":23,"covered":2,"skipped":0,"pct":8.69},"functions":{"total":5,"covered":0,"skipped":0,"pct":0},"statements":{"total":24,"covered":2,"skipped":0,"pct":8.33},"branches":{"total":14,"covered":0,"skipped":0,"pct":0}}
,"/home/travis/docCode/agreement-orchestration-ux/packages/configurator/src/components/WorkflowParticipantSelectorV2/ParticipantInfoSection/ParticipantInfoSection.tsx": {"lines":{"total":7,"covered":1,"skipped":0,"pct":14.28},"functions":{"total":3,"covered":0,"skipped":0,"pct":0},"statements":{"total":8,"covered":1,"skipped":0,"pct":12.5},"branches":{"total":11,"covered":0,"skipped":0,"pct":0}}
,"/home/travis/docCode/agreement-orchestration-ux/packages/configurator/src/components/WorkflowVariableSelector/utils.ts": {"lines":{"total":123,"covered":11,"skipped":0,"pct":8.94},"functions":{"total":14,"covered":0,"skipped":0,"pct":0},"statements":{"total":128,"covered":11,"skipped":0,"pct":8.59},"branches":{"total":115,"covered":0,"skipped":0,"pct":0}}
,"/home/travis/docCode/agreement-orchestration-ux/packages/configurator/src/components/WorkflowVariableSelector/PopoverDropDownlist/PopoverDropDownlist.tsx": {"lines":{"total":224,"covered":3,"skipped":0,"pct":1.33},"functions":{"total":23,"covered":0,"skipped":0,"pct":0},"statements":{"total":224,"covered":3,"skipped":0,"pct":1.33},"branches":{"total":227,"covered":0,"skipped":0,"pct":0}}
,"/home/travis/docCode/agreement-orchestration-ux/packages/configurator/src/components/WorkflowVariableSelector/PopoverDropDownlist/utils.tsx": {"lines":{"total":103,"covered":6,"skipped":0,"pct":5.82},"functions":{"total":12,"covered":0,"skipped":0,"pct":0},"statements":{"total":104,"covered":6,"skipped":0,"pct":5.76},"branches":{"total":88,"covered":0,"skipped":0,"pct":0}}
,"/home/travis/docCode/agreement-orchestration-ux/packages/configurator/src/components/WorkflowVariableSelector/PopoverDropDownlist/ManualVariableInput/ManualVariableInput.tsx": {"lines":{"total":60,"covered":1,"skipped":0,"pct":1.66},"functions":{"total":8,"covered":0,"skipped":0,"pct":0},"statements":{"total":60,"covered":1,"skipped":0,"pct":1.66},"branches":{"total":53,"covered":0,"skipped":0,"pct":0}}
,"/home/travis/docCode/agreement-orchestration-ux/packages/configurator/src/components/WorkflowVariableSelector/PopoverDropDownlist/ManualVariableInput/DateInput/DateInput.tsx": {"lines":{"total":11,"covered":1,"skipped":0,"pct":9.09},"functions":{"total":3,"covered":0,"skipped":0,"pct":0},"statements":{"total":11,"covered":1,"skipped":0,"pct":9.09},"branches":{"total":2,"covered":0,"skipped":0,"pct":0}}
,"/home/travis/docCode/agreement-orchestration-ux/packages/configurator/src/components/WorkflowVariableSelector/PopoverDropDownlist/ManualVariableInput/PeopleGroupPicker/PeopleGroupPicker.tsx": {"lines":{"total":40,"covered":2,"skipped":0,"pct":5},"functions":{"total":9,"covered":0,"skipped":0,"pct":0},"statements":{"total":44,"covered":2,"skipped":0,"pct":4.54},"branches":{"total":34,"covered":0,"skipped":0,"pct":0}}
,"/home/travis/docCode/agreement-orchestration-ux/packages/configurator/src/components/WorkflowVariableSelector/PopoverDropDownlist/ManualVariableInput/PeopleGroupPicker/PeopleGroupPicker.type.ts": {"lines":{"total":0,"covered":0,"skipped":0,"pct":100},"functions":{"total":0,"covered":0,"skipped":0,"pct":100},"statements":{"total":0,"covered":0,"skipped":0,"pct":100},"branches":{"total":0,"covered":0,"skipped":0,"pct":100}}
,"/home/travis/docCode/agreement-orchestration-ux/packages/configurator/src/components/WorkflowVariableSelector/PopoverDropDownlist/ManualVariableInput/PhoneNumberInput/PhoneNumberInput.tsx": {"lines":{"total":15,"covered":2,"skipped":0,"pct":13.33},"functions":{"total":3,"covered":0,"skipped":0,"pct":0},"statements":{"total":15,"covered":2,"skipped":0,"pct":13.33},"branches":{"total":1,"covered":0,"skipped":0,"pct":0}}
,"/home/travis/docCode/agreement-orchestration-ux/packages/configurator/src/components/WorkflowVariableSelector/PopoverDropDownlist/ManualVariableInput/TypedTextBox/TypedTextBox.tsx": {"lines":{"total":29,"covered":1,"skipped":0,"pct":3.44},"functions":{"total":3,"covered":0,"skipped":0,"pct":0},"statements":{"total":29,"covered":1,"skipped":0,"pct":3.44},"branches":{"total":25,"covered":0,"skipped":0,"pct":0}}
,"/home/travis/docCode/agreement-orchestration-ux/packages/configurator/src/components/WorkflowVariableSelector/PropertyList/PropertyList.tsx": {"lines":{"total":26,"covered":1,"skipped":0,"pct":3.84},"functions":{"total":11,"covered":0,"skipped":0,"pct":0},"statements":{"total":26,"covered":1,"skipped":0,"pct":3.84},"branches":{"total":47,"covered":0,"skipped":0,"pct":0}}
,"/home/travis/docCode/agreement-orchestration-ux/packages/configurator/src/components/WorkflowVariableSelector/WorkflowVariableSelector/WorkflowVariableSelector.tsx": {"lines":{"total":89,"covered":1,"skipped":0,"pct":1.12},"functions":{"total":14,"covered":0,"skipped":0,"pct":0},"statements":{"total":90,"covered":1,"skipped":0,"pct":1.11},"branches":{"total":123,"covered":0,"skipped":0,"pct":0}}
,"/home/travis/docCode/agreement-orchestration-ux/packages/configurator/src/components/WorkflowVariableSelector/WorkflowVariableSelector/constants.ts": {"lines":{"total":1,"covered":1,"skipped":0,"pct":100},"functions":{"total":0,"covered":0,"skipped":0,"pct":100},"statements":{"total":1,"covered":1,"skipped":0,"pct":100},"branches":{"total":0,"covered":0,"skipped":0,"pct":100}}
,"/home/travis/docCode/agreement-orchestration-ux/packages/configurator/src/components/WorkflowVariableSelector/common/constants.ts": {"lines":{"total":3,"covered":3,"skipped":0,"pct":100},"functions":{"total":0,"covered":0,"skipped":0,"pct":100},"statements":{"total":3,"covered":3,"skipped":0,"pct":100},"branches":{"total":0,"covered":0,"skipped":0,"pct":100}}
,"/home/travis/docCode/agreement-orchestration-ux/packages/configurator/src/components/WorkflowVariableSelector/common/styles.tsx": {"lines":{"total":1,"covered":1,"skipped":0,"pct":100},"functions":{"total":1,"covered":0,"skipped":0,"pct":0},"statements":{"total":2,"covered":1,"skipped":0,"pct":50},"branches":{"total":6,"covered":0,"skipped":0,"pct":0}}
,"/home/travis/docCode/agreement-orchestration-ux/packages/configurator/src/components/features/common/context/ConfiguratorApiSliceProvider.tsx": {"lines":{"total":12,"covered":8,"skipped":0,"pct":66.66},"functions":{"total":3,"covered":2,"skipped":0,"pct":66.66},"statements":{"total":12,"covered":8,"skipped":0,"pct":66.66},"branches":{"total":2,"covered":0,"skipped":0,"pct":0}}
,"/home/travis/docCode/agreement-orchestration-ux/packages/configurator/src/components/features/common/context/configuratorSettingsStateContext.tsx": {"lines":{"total":8,"covered":7,"skipped":0,"pct":87.5},"functions":{"total":2,"covered":2,"skipped":0,"pct":100},"statements":{"total":8,"covered":7,"skipped":0,"pct":87.5},"branches":{"total":2,"covered":1,"skipped":0,"pct":50}}
,"/home/travis/docCode/agreement-orchestration-ux/packages/configurator/src/components/features/common/output/constants.ts": {"lines":{"total":8,"covered":8,"skipped":0,"pct":100},"functions":{"total":0,"covered":0,"skipped":0,"pct":100},"statements":{"total":8,"covered":8,"skipped":0,"pct":100},"branches":{"total":0,"covered":0,"skipped":0,"pct":100}}
,"/home/travis/docCode/agreement-orchestration-ux/packages/configurator/src/components/features/common/utilities/stepUtils.ts": {"lines":{"total":72,"covered":9,"skipped":0,"pct":12.5},"functions":{"total":11,"covered":0,"skipped":0,"pct":0},"statements":{"total":72,"covered":9,"skipped":0,"pct":12.5},"branches":{"total":55,"covered":0,"skipped":0,"pct":0}}
,"/home/travis/docCode/agreement-orchestration-ux/packages/configurator/src/components/features/react-configurator/ACTInstallConfigurator/slices/actInstallConfiguratorSlice.ts": {"lines":{"total":22,"covered":7,"skipped":0,"pct":31.81},"functions":{"total":12,"covered":1,"skipped":0,"pct":8.33},"statements":{"total":22,"covered":7,"skipped":0,"pct":31.81},"branches":{"total":4,"covered":0,"skipped":0,"pct":0}}
,"/home/travis/docCode/agreement-orchestration-ux/packages/configurator/src/components/features/react-configurator/ArchiveDocsToClmConfigurator/slices/archiveDocsToClmConfiguratorSlice.ts": {"lines":{"total":14,"covered":3,"skipped":0,"pct":21.42},"functions":{"total":7,"covered":0,"skipped":0,"pct":0},"statements":{"total":14,"covered":3,"skipped":0,"pct":21.42},"branches":{"total":0,"covered":0,"skipped":0,"pct":100}}
,"/home/travis/docCode/agreement-orchestration-ux/packages/configurator/src/components/features/react-configurator/DocGenConfigurator/constants.ts": {"lines":{"total":5,"covered":5,"skipped":0,"pct":100},"functions":{"total":0,"covered":0,"skipped":0,"pct":100},"statements":{"total":5,"covered":5,"skipped":0,"pct":100},"branches":{"total":0,"covered":0,"skipped":0,"pct":100}}
,"/home/travis/docCode/agreement-orchestration-ux/packages/configurator/src/components/features/react-configurator/DocGenConfigurator/slices/DocGenConfiguratorSlice.ts": {"lines":{"total":35,"covered":3,"skipped":0,"pct":8.57},"functions":{"total":14,"covered":0,"skipped":0,"pct":0},"statements":{"total":36,"covered":3,"skipped":0,"pct":8.33},"branches":{"total":10,"covered":0,"skipped":0,"pct":0}}
,"/home/travis/docCode/agreement-orchestration-ux/packages/configurator/src/components/features/react-configurator/ESignApiConfigurator/slices/eSignApiConfiguratorSlice.ts": {"lines":{"total":15,"covered":3,"skipped":0,"pct":20},"functions":{"total":8,"covered":0,"skipped":0,"pct":0},"statements":{"total":15,"covered":3,"skipped":0,"pct":20},"branches":{"total":0,"covered":0,"skipped":0,"pct":100}}
,"/home/travis/docCode/agreement-orchestration-ux/packages/configurator/src/components/features/react-configurator/ESignConfiguratorV1/slices/eSignConfiguratorSliceV1.ts": {"lines":{"total":53,"covered":3,"skipped":0,"pct":5.66},"functions":{"total":16,"covered":0,"skipped":0,"pct":0},"statements":{"total":53,"covered":3,"skipped":0,"pct":5.66},"branches":{"total":18,"covered":0,"skipped":0,"pct":0}}
,"/home/travis/docCode/agreement-orchestration-ux/packages/configurator/src/components/features/react-configurator/ESignConfiguratorV2/constants.ts": {"lines":{"total":8,"covered":8,"skipped":0,"pct":100},"functions":{"total":0,"covered":0,"skipped":0,"pct":100},"statements":{"total":8,"covered":8,"skipped":0,"pct":100},"branches":{"total":0,"covered":0,"skipped":0,"pct":100}}
,"/home/travis/docCode/agreement-orchestration-ux/packages/configurator/src/components/features/react-configurator/ESignConfiguratorV2/slices/eSignConfiguratorSliceV2.ts": {"lines":{"total":42,"covered":4,"skipped":0,"pct":9.52},"functions":{"total":17,"covered":0,"skipped":0,"pct":0},"statements":{"total":42,"covered":4,"skipped":0,"pct":9.52},"branches":{"total":29,"covered":0,"skipped":0,"pct":0}}
,"/home/travis/docCode/agreement-orchestration-ux/packages/configurator/src/components/features/react-configurator/IDVConfigurator/VerifyIDConfigurator/VerifyIDConfiguratorV2/slices/VerifyIDConfiguratorV2Slice.tsx": {"lines":{"total":10,"covered":3,"skipped":0,"pct":30},"functions":{"total":6,"covered":0,"skipped":0,"pct":0},"statements":{"total":10,"covered":3,"skipped":0,"pct":30},"branches":{"total":0,"covered":0,"skipped":0,"pct":100}}
,"/home/travis/docCode/agreement-orchestration-ux/packages/configurator/src/components/features/react-configurator/PrepareEsignConfigurator/slices/PrepareEsignConfiguratorSlice.ts": {"lines":{"total":11,"covered":3,"skipped":0,"pct":27.27},"functions":{"total":6,"covered":0,"skipped":0,"pct":0},"statements":{"total":11,"covered":3,"skipped":0,"pct":27.27},"branches":{"total":2,"covered":0,"skipped":0,"pct":0}}
,"/home/travis/docCode/agreement-orchestration-ux/packages/configurator/src/components/features/react-configurator/SendDocsForSignConfigurator/components/NextButton.tsx": {"lines":{"total":7,"covered":6,"skipped":0,"pct":85.71},"functions":{"total":3,"covered":2,"skipped":0,"pct":66.66},"statements":{"total":8,"covered":7,"skipped":0,"pct":87.5},"branches":{"total":2,"covered":2,"skipped":0,"pct":100}}
,"/home/travis/docCode/agreement-orchestration-ux/packages/configurator/src/components/features/react-configurator/SendDocsForSignConfigurator/slices/sendDocsForSignConfiguratorSlice.ts": {"lines":{"total":34,"covered":20,"skipped":0,"pct":58.82},"functions":{"total":14,"covered":10,"skipped":0,"pct":71.42},"statements":{"total":34,"covered":20,"skipped":0,"pct":58.82},"branches":{"total":13,"covered":4,"skipped":0,"pct":30.76}}
,"/home/travis/docCode/agreement-orchestration-ux/packages/configurator/src/components/features/react-configurator/SendDocsForSignConfigurator/steps/MapRecipientStep/MapRecipientCard.tsx": {"lines":{"total":21,"covered":18,"skipped":0,"pct":85.71},"functions":{"total":5,"covered":5,"skipped":0,"pct":100},"statements":{"total":23,"covered":19,"skipped":0,"pct":82.6},"branches":{"total":24,"covered":14,"skipped":0,"pct":58.33}}
,"/home/travis/docCode/agreement-orchestration-ux/packages/configurator/src/components/features/react-configurator/SendDocsForSignConfigurator/steps/MapRecipientStep/MapRecipientsStep.tsx": {"lines":{"total":8,"covered":6,"skipped":0,"pct":75},"functions":{"total":5,"covered":3,"skipped":0,"pct":60},"statements":{"total":10,"covered":7,"skipped":0,"pct":70},"branches":{"total":0,"covered":0,"skipped":0,"pct":100}}
,"/home/travis/docCode/agreement-orchestration-ux/packages/configurator/src/components/features/react-configurator/SendDocsForSignConfigurator/steps/MapRecipientStep/MatchTemplateRecipientDropdown.tsx": {"lines":{"total":27,"covered":24,"skipped":0,"pct":88.88},"functions":{"total":8,"covered":6,"skipped":0,"pct":75},"statements":{"total":28,"covered":25,"skipped":0,"pct":89.28},"branches":{"total":10,"covered":8,"skipped":0,"pct":80}}
,"/home/travis/docCode/agreement-orchestration-ux/packages/configurator/src/components/features/react-configurator/SendDocsForSignConfigurator/tests/renderWithSendContext.tsx": {"lines":{"total":9,"covered":6,"skipped":0,"pct":66.66},"functions":{"total":4,"covered":2,"skipped":0,"pct":50},"statements":{"total":9,"covered":6,"skipped":0,"pct":66.66},"branches":{"total":0,"covered":0,"skipped":0,"pct":100}}
,"/home/travis/docCode/agreement-orchestration-ux/packages/configurator/src/components/features/react-configurator/SendDocsForSignConfigurator/tests/mock-data/mockData.ts": {"lines":{"total":10,"covered":10,"skipped":0,"pct":100},"functions":{"total":0,"covered":0,"skipped":0,"pct":100},"statements":{"total":10,"covered":10,"skipped":0,"pct":100},"branches":{"total":0,"covered":0,"skipped":0,"pct":100}}
,"/home/travis/docCode/agreement-orchestration-ux/packages/configurator/src/components/features/react-configurator/utils/configuratorContext.ts": {"lines":{"total":6,"covered":5,"skipped":0,"pct":83.33},"functions":{"total":1,"covered":1,"skipped":0,"pct":100},"statements":{"total":6,"covered":5,"skipped":0,"pct":83.33},"branches":{"total":2,"covered":1,"skipped":0,"pct":50}}
,"/home/travis/docCode/agreement-orchestration-ux/packages/configurator/src/store/store.ts": {"lines":{"total":9,"covered":9,"skipped":0,"pct":100},"functions":{"total":3,"covered":3,"skipped":0,"pct":100},"statements":{"total":9,"covered":9,"skipped":0,"pct":100},"branches":{"total":4,"covered":3,"skipped":0,"pct":75}}
,"/home/travis/docCode/agreement-orchestration-ux/packages/configurator/src/store/storeHooks.ts": {"lines":{"total":2,"covered":2,"skipped":0,"pct":100},"functions":{"total":0,"covered":0,"skipped":0,"pct":100},"statements":{"total":2,"covered":2,"skipped":0,"pct":100},"branches":{"total":0,"covered":0,"skipped":0,"pct":100}}
,"/home/travis/docCode/agreement-orchestration-ux/packages/configurator/src/store/slices/ConfiguratorApiSlice.ts": {"lines":{"total":15,"covered":4,"skipped":0,"pct":26.66},"functions":{"total":11,"covered":2,"skipped":0,"pct":18.18},"statements":{"total":15,"covered":4,"skipped":0,"pct":26.66},"branches":{"total":10,"covered":0,"skipped":0,"pct":0}}
,"/home/travis/docCode/agreement-orchestration-ux/packages/configurator/src/store/slices/configuratorSlice.ts": {"lines":{"total":7,"covered":5,"skipped":0,"pct":71.42},"functions":{"total":3,"covered":0,"skipped":0,"pct":0},"statements":{"total":8,"covered":5,"skipped":0,"pct":62.5},"branches":{"total":2,"covered":0,"skipped":0,"pct":0}}
,"/home/travis/docCode/agreement-orchestration-ux/packages/configurator/tests/mock-data/mockParticipants.ts": {"lines":{"total":4,"covered":4,"skipped":0,"pct":100},"functions":{"total":0,"covered":0,"skipped":0,"pct":100},"statements":{"total":4,"covered":4,"skipped":0,"pct":100},"branches":{"total":0,"covered":0,"skipped":0,"pct":100}}
,"/home/travis/docCode/agreement-orchestration-ux/packages/configurator/tests/mock-data/mockReactConfiguratorProps.ts": {"lines":{"total":2,"covered":2,"skipped":0,"pct":100},"functions":{"total":0,"covered":0,"skipped":0,"pct":100},"statements":{"total":2,"covered":2,"skipped":0,"pct":100},"branches":{"total":0,"covered":0,"skipped":0,"pct":100}}
,"/home/travis/docCode/agreement-orchestration-ux/packages/configurator/tests/mock-data/mockWorkflowVariables.ts": {"lines":{"total":18,"covered":18,"skipped":0,"pct":100},"functions":{"total":0,"covered":0,"skipped":0,"pct":100},"statements":{"total":18,"covered":18,"skipped":0,"pct":100},"branches":{"total":0,"covered":0,"skipped":0,"pct":100}}
,"/home/travis/docCode/agreement-orchestration-ux/packages/configurator/tests/testUtils/WrapperWithAllContexts.tsx": {"lines":{"total":8,"covered":7,"skipped":0,"pct":87.5},"functions":{"total":4,"covered":3,"skipped":0,"pct":75},"statements":{"total":8,"covered":7,"skipped":0,"pct":87.5},"branches":{"total":1,"covered":1,"skipped":0,"pct":100}}
,"/home/travis/docCode/agreement-orchestration-ux/packages/data-models/src/AllowedOrchestrationAccess.ts": {"lines":{"total":0,"covered":0,"skipped":0,"pct":100},"functions":{"total":0,"covered":0,"skipped":0,"pct":100},"statements":{"total":0,"covered":0,"skipped":0,"pct":100},"branches":{"total":0,"covered":0,"skipped":0,"pct":100}}
,"/home/travis/docCode/agreement-orchestration-ux/packages/data-models/src/Analytics.ts": {"lines":{"total":0,"covered":0,"skipped":0,"pct":100},"functions":{"total":0,"covered":0,"skipped":0,"pct":100},"statements":{"total":0,"covered":0,"skipped":0,"pct":100},"branches":{"total":0,"covered":0,"skipped":0,"pct":100}}
,"/home/travis/docCode/agreement-orchestration-ux/packages/data-models/src/ApiTags.ts": {"lines":{"total":0,"covered":0,"skipped":0,"pct":100},"functions":{"total":0,"covered":0,"skipped":0,"pct":100},"statements":{"total":0,"covered":0,"skipped":0,"pct":100},"branches":{"total":0,"covered":0,"skipped":0,"pct":100}}
,"/home/travis/docCode/agreement-orchestration-ux/packages/data-models/src/ArchiveWorkflowDefinition.ts": {"lines":{"total":0,"covered":0,"skipped":0,"pct":100},"functions":{"total":0,"covered":0,"skipped":0,"pct":100},"statements":{"total":0,"covered":0,"skipped":0,"pct":100},"branches":{"total":0,"covered":0,"skipped":0,"pct":100}}
,"/home/travis/docCode/agreement-orchestration-ux/packages/data-models/src/CancelWorkflow.ts": {"lines":{"total":0,"covered":0,"skipped":0,"pct":100},"functions":{"total":0,"covered":0,"skipped":0,"pct":100},"statements":{"total":0,"covered":0,"skipped":0,"pct":100},"branches":{"total":0,"covered":0,"skipped":0,"pct":100}}
,"/home/travis/docCode/agreement-orchestration-ux/packages/data-models/src/EmbeddedMessages.ts": {"lines":{"total":0,"covered":0,"skipped":0,"pct":100},"functions":{"total":0,"covered":0,"skipped":0,"pct":100},"statements":{"total":0,"covered":0,"skipped":0,"pct":100},"branches":{"total":0,"covered":0,"skipped":0,"pct":100}}
,"/home/travis/docCode/agreement-orchestration-ux/packages/data-models/src/GetEventVariableOptionsResponse.ts": {"lines":{"total":0,"covered":0,"skipped":0,"pct":100},"functions":{"total":0,"covered":0,"skipped":0,"pct":100},"statements":{"total":0,"covered":0,"skipped":0,"pct":100},"branches":{"total":0,"covered":0,"skipped":0,"pct":100}}
,"/home/travis/docCode/agreement-orchestration-ux/packages/data-models/src/GetNextStepResponse.ts": {"lines":{"total":0,"covered":0,"skipped":0,"pct":100},"functions":{"total":0,"covered":0,"skipped":0,"pct":100},"statements":{"total":0,"covered":0,"skipped":0,"pct":100},"branches":{"total":0,"covered":0,"skipped":0,"pct":100}}
,"/home/travis/docCode/agreement-orchestration-ux/packages/data-models/src/GetPageInputsResponse.ts": {"lines":{"total":0,"covered":0,"skipped":0,"pct":100},"functions":{"total":0,"covered":0,"skipped":0,"pct":100},"statements":{"total":0,"covered":0,"skipped":0,"pct":100},"branches":{"total":0,"covered":0,"skipped":0,"pct":100}}
,"/home/travis/docCode/agreement-orchestration-ux/packages/data-models/src/GetWorkflowDefinition.ts": {"lines":{"total":0,"covered":0,"skipped":0,"pct":100},"functions":{"total":0,"covered":0,"skipped":0,"pct":100},"statements":{"total":0,"covered":0,"skipped":0,"pct":100},"branches":{"total":0,"covered":0,"skipped":0,"pct":100}}
,"/home/travis/docCode/agreement-orchestration-ux/packages/data-models/src/Logger.ts": {"lines":{"total":0,"covered":0,"skipped":0,"pct":100},"functions":{"total":0,"covered":0,"skipped":0,"pct":100},"statements":{"total":0,"covered":0,"skipped":0,"pct":100},"branches":{"total":0,"covered":0,"skipped":0,"pct":100}}
,"/home/travis/docCode/agreement-orchestration-ux/packages/data-models/src/ModalParams.ts": {"lines":{"total":0,"covered":0,"skipped":0,"pct":100},"functions":{"total":0,"covered":0,"skipped":0,"pct":100},"statements":{"total":0,"covered":0,"skipped":0,"pct":100},"branches":{"total":0,"covered":0,"skipped":0,"pct":100}}
,"/home/travis/docCode/agreement-orchestration-ux/packages/data-models/src/OneDSPlatform.ts": {"lines":{"total":0,"covered":0,"skipped":0,"pct":100},"functions":{"total":0,"covered":0,"skipped":0,"pct":100},"statements":{"total":0,"covered":0,"skipped":0,"pct":100},"branches":{"total":0,"covered":0,"skipped":0,"pct":100}}
,"/home/travis/docCode/agreement-orchestration-ux/packages/data-models/src/OrchestrationModule.ts": {"lines":{"total":0,"covered":0,"skipped":0,"pct":100},"functions":{"total":0,"covered":0,"skipped":0,"pct":100},"statements":{"total":0,"covered":0,"skipped":0,"pct":100},"branches":{"total":0,"covered":0,"skipped":0,"pct":100}}
,"/home/travis/docCode/agreement-orchestration-ux/packages/data-models/src/OrchestrationProxy.ts": {"lines":{"total":0,"covered":0,"skipped":0,"pct":100},"functions":{"total":0,"covered":0,"skipped":0,"pct":100},"statements":{"total":0,"covered":0,"skipped":0,"pct":100},"branches":{"total":0,"covered":0,"skipped":0,"pct":100}}
,"/home/travis/docCode/agreement-orchestration-ux/packages/data-models/src/OrgUser.ts": {"lines":{"total":0,"covered":0,"skipped":0,"pct":100},"functions":{"total":0,"covered":0,"skipped":0,"pct":100},"statements":{"total":0,"covered":0,"skipped":0,"pct":100},"branches":{"total":0,"covered":0,"skipped":0,"pct":100}}
,"/home/travis/docCode/agreement-orchestration-ux/packages/data-models/src/ProxyCallBody.ts": {"lines":{"total":0,"covered":0,"skipped":0,"pct":100},"functions":{"total":0,"covered":0,"skipped":0,"pct":100},"statements":{"total":0,"covered":0,"skipped":0,"pct":100},"branches":{"total":0,"covered":0,"skipped":0,"pct":100}}
,"/home/travis/docCode/agreement-orchestration-ux/packages/data-models/src/ReplaceActInstallWorkflowDefResponse.ts": {"lines":{"total":0,"covered":0,"skipped":0,"pct":100},"functions":{"total":0,"covered":0,"skipped":0,"pct":100},"statements":{"total":0,"covered":0,"skipped":0,"pct":100},"branches":{"total":0,"covered":0,"skipped":0,"pct":100}}
,"/home/travis/docCode/agreement-orchestration-ux/packages/data-models/src/SurveyParams.ts": {"lines":{"total":0,"covered":0,"skipped":0,"pct":100},"functions":{"total":0,"covered":0,"skipped":0,"pct":100},"statements":{"total":0,"covered":0,"skipped":0,"pct":100},"branches":{"total":0,"covered":0,"skipped":0,"pct":100}}
,"/home/travis/docCode/agreement-orchestration-ux/packages/data-models/src/TestTags.ts": {"lines":{"total":0,"covered":0,"skipped":0,"pct":100},"functions":{"total":0,"covered":0,"skipped":0,"pct":100},"statements":{"total":0,"covered":0,"skipped":0,"pct":100},"branches":{"total":0,"covered":0,"skipped":0,"pct":100}}
,"/home/travis/docCode/agreement-orchestration-ux/packages/data-models/src/TypeUtils.ts": {"lines":{"total":0,"covered":0,"skipped":0,"pct":100},"functions":{"total":0,"covered":0,"skipped":0,"pct":100},"statements":{"total":0,"covered":0,"skipped":0,"pct":100},"branches":{"total":0,"covered":0,"skipped":0,"pct":100}}
,"/home/travis/docCode/agreement-orchestration-ux/packages/data-models/src/WidgetPropsGeneric.ts": {"lines":{"total":0,"covered":0,"skipped":0,"pct":100},"functions":{"total":0,"covered":0,"skipped":0,"pct":100},"statements":{"total":0,"covered":0,"skipped":0,"pct":100},"branches":{"total":0,"covered":0,"skipped":0,"pct":100}}
,"/home/travis/docCode/agreement-orchestration-ux/packages/data-models/src/WorkflowHistory.ts": {"lines":{"total":0,"covered":0,"skipped":0,"pct":100},"functions":{"total":0,"covered":0,"skipped":0,"pct":100},"statements":{"total":0,"covered":0,"skipped":0,"pct":100},"branches":{"total":0,"covered":0,"skipped":0,"pct":100}}
,"/home/travis/docCode/agreement-orchestration-ux/packages/data-models/src/WorkflowInstances.ts": {"lines":{"total":0,"covered":0,"skipped":0,"pct":100},"functions":{"total":0,"covered":0,"skipped":0,"pct":100},"statements":{"total":0,"covered":0,"skipped":0,"pct":100},"branches":{"total":0,"covered":0,"skipped":0,"pct":100}}
,"/home/travis/docCode/agreement-orchestration-ux/packages/data-models/src/WorkflowList.ts": {"lines":{"total":0,"covered":0,"skipped":0,"pct":100},"functions":{"total":0,"covered":0,"skipped":0,"pct":100},"statements":{"total":0,"covered":0,"skipped":0,"pct":100},"branches":{"total":0,"covered":0,"skipped":0,"pct":100}}
,"/home/travis/docCode/agreement-orchestration-ux/packages/shared-components/src/constants.ts": {"lines":{"total":4,"covered":4,"skipped":0,"pct":100},"functions":{"total":0,"covered":0,"skipped":0,"pct":100},"statements":{"total":4,"covered":4,"skipped":0,"pct":100},"branches":{"total":0,"covered":0,"skipped":0,"pct":100}}
,"/home/travis/docCode/agreement-orchestration-ux/packages/shared-components/src/components/Canvas/Canvas.tsx": {"lines":{"total":76,"covered":3,"skipped":0,"pct":3.94},"functions":{"total":19,"covered":0,"skipped":0,"pct":0},"statements":{"total":78,"covered":3,"skipped":0,"pct":3.84},"branches":{"total":32,"covered":0,"skipped":0,"pct":0}}
,"/home/travis/docCode/agreement-orchestration-ux/packages/shared-components/src/components/CenteredProgressCircle/CenteredProgressCircle.tsx": {"lines":{"total":2,"covered":1,"skipped":0,"pct":50},"functions":{"total":1,"covered":0,"skipped":0,"pct":0},"statements":{"total":2,"covered":1,"skipped":0,"pct":50},"branches":{"total":0,"covered":0,"skipped":0,"pct":100}}
,"/home/travis/docCode/agreement-orchestration-ux/packages/shared-components/src/components/ConfiguratorErrorBanner/ConfiguratorErrorBanner.tsx": {"lines":{"total":7,"covered":1,"skipped":0,"pct":14.28},"functions":{"total":2,"covered":0,"skipped":0,"pct":0},"statements":{"total":7,"covered":1,"skipped":0,"pct":14.28},"branches":{"total":2,"covered":0,"skipped":0,"pct":0}}
,"/home/travis/docCode/agreement-orchestration-ux/packages/shared-components/src/components/Edges/floatingEdgeUtils.tsx": {"lines":{"total":38,"covered":0,"skipped":0,"pct":0},"functions":{"total":6,"covered":0,"skipped":0,"pct":0},"statements":{"total":40,"covered":0,"skipped":0,"pct":0},"branches":{"total":30,"covered":0,"skipped":0,"pct":0}}
,"/home/travis/docCode/agreement-orchestration-ux/packages/shared-components/src/components/Edges/AddStepEdge/AddStepEdge.tsx": {"lines":{"total":8,"covered":1,"skipped":0,"pct":12.5},"functions":{"total":4,"covered":0,"skipped":0,"pct":0},"statements":{"total":10,"covered":1,"skipped":0,"pct":10},"branches":{"total":0,"covered":0,"skipped":0,"pct":100}}
,"/home/travis/docCode/agreement-orchestration-ux/packages/shared-components/src/components/Edges/BlankFloatingEdge/BlankFloatingEdge.tsx": {"lines":{"total":9,"covered":1,"skipped":0,"pct":11.11},"functions":{"total":3,"covered":0,"skipped":0,"pct":0},"statements":{"total":11,"covered":1,"skipped":0,"pct":9.09},"branches":{"total":4,"covered":0,"skipped":0,"pct":0}}
,"/home/travis/docCode/agreement-orchestration-ux/packages/shared-components/src/components/Edges/ConditionalEdge/ConditionalEdge.tsx": {"lines":{"total":4,"covered":1,"skipped":0,"pct":25},"functions":{"total":1,"covered":0,"skipped":0,"pct":0},"statements":{"total":4,"covered":1,"skipped":0,"pct":25},"branches":{"total":0,"covered":0,"skipped":0,"pct":100}}
,"/home/travis/docCode/agreement-orchestration-ux/packages/shared-components/src/components/Edges/InvisbleEdge/InvisibleEdge.tsx": {"lines":{"total":8,"covered":1,"skipped":0,"pct":12.5},"functions":{"total":3,"covered":0,"skipped":0,"pct":0},"statements":{"total":10,"covered":1,"skipped":0,"pct":10},"branches":{"total":4,"covered":0,"skipped":0,"pct":0}}
,"/home/travis/docCode/agreement-orchestration-ux/packages/shared-components/src/components/Menu/Menu.tsx": {"lines":{"total":7,"covered":1,"skipped":0,"pct":14.28},"functions":{"total":4,"covered":0,"skipped":0,"pct":0},"statements":{"total":7,"covered":1,"skipped":0,"pct":14.28},"branches":{"total":1,"covered":0,"skipped":0,"pct":0}}
,"/home/travis/docCode/agreement-orchestration-ux/packages/shared-components/src/components/ModuleIcon/ModuleIcon.tsx": {"lines":{"total":62,"covered":1,"skipped":0,"pct":1.61},"functions":{"total":1,"covered":0,"skipped":0,"pct":0},"statements":{"total":62,"covered":1,"skipped":0,"pct":1.61},"branches":{"total":36,"covered":0,"skipped":0,"pct":0}}
,"/home/travis/docCode/agreement-orchestration-ux/packages/shared-components/src/components/Nodes/Node.tsx": {"lines":{"total":1,"covered":1,"skipped":0,"pct":100},"functions":{"total":0,"covered":0,"skipped":0,"pct":100},"statements":{"total":1,"covered":1,"skipped":0,"pct":100},"branches":{"total":0,"covered":0,"skipped":0,"pct":100}}
,"/home/travis/docCode/agreement-orchestration-ux/packages/shared-components/src/components/Nodes/NodeUtils.tsx": {"lines":{"total":23,"covered":2,"skipped":0,"pct":8.69},"functions":{"total":2,"covered":0,"skipped":0,"pct":0},"statements":{"total":23,"covered":2,"skipped":0,"pct":8.69},"branches":{"total":13,"covered":0,"skipped":0,"pct":0}}
,"/home/travis/docCode/agreement-orchestration-ux/packages/shared-components/src/components/Nodes/AddNodeButton/AddNodeButton.tsx": {"lines":{"total":6,"covered":2,"skipped":0,"pct":33.33},"functions":{"total":2,"covered":0,"skipped":0,"pct":0},"statements":{"total":6,"covered":2,"skipped":0,"pct":33.33},"branches":{"total":4,"covered":0,"skipped":0,"pct":0}}
,"/home/travis/docCode/agreement-orchestration-ux/packages/shared-components/src/components/Nodes/AddStep/AddStepListNode.tsx": {"lines":{"total":24,"covered":2,"skipped":0,"pct":8.33},"functions":{"total":7,"covered":0,"skipped":0,"pct":0},"statements":{"total":25,"covered":2,"skipped":0,"pct":8},"branches":{"total":8,"covered":0,"skipped":0,"pct":0}}
,"/home/travis/docCode/agreement-orchestration-ux/packages/shared-components/src/components/Nodes/BranchingRuleNode/BranchingRuleNode.tsx": {"lines":{"total":7,"covered":2,"skipped":0,"pct":28.57},"functions":{"total":2,"covered":0,"skipped":0,"pct":0},"statements":{"total":7,"covered":2,"skipped":0,"pct":28.57},"branches":{"total":14,"covered":0,"skipped":0,"pct":0}}
,"/home/travis/docCode/agreement-orchestration-ux/packages/shared-components/src/components/Nodes/EndWorkflowNode/EndWorkflowNode.tsx": {"lines":{"total":2,"covered":1,"skipped":0,"pct":50},"functions":{"total":1,"covered":0,"skipped":0,"pct":0},"statements":{"total":2,"covered":1,"skipped":0,"pct":50},"branches":{"total":2,"covered":0,"skipped":0,"pct":0}}
,"/home/travis/docCode/agreement-orchestration-ux/packages/shared-components/src/components/Nodes/InitialAddStepNode/InitialAddStepNode.tsx": {"lines":{"total":6,"covered":2,"skipped":0,"pct":33.33},"functions":{"total":2,"covered":0,"skipped":0,"pct":0},"statements":{"total":6,"covered":2,"skipped":0,"pct":33.33},"branches":{"total":2,"covered":0,"skipped":0,"pct":0}}
,"/home/travis/docCode/agreement-orchestration-ux/packages/shared-components/src/components/Nodes/InvisibleNode/InvisibleNode.tsx": {"lines":{"total":11,"covered":2,"skipped":0,"pct":18.18},"functions":{"total":1,"covered":0,"skipped":0,"pct":0},"statements":{"total":11,"covered":2,"skipped":0,"pct":18.18},"branches":{"total":6,"covered":0,"skipped":0,"pct":0}}
,"/home/travis/docCode/agreement-orchestration-ux/packages/shared-components/src/components/Nodes/MergeNode/MergeNode.tsx": {"lines":{"total":3,"covered":2,"skipped":0,"pct":66.66},"functions":{"total":1,"covered":0,"skipped":0,"pct":0},"statements":{"total":3,"covered":2,"skipped":0,"pct":66.66},"branches":{"total":0,"covered":0,"skipped":0,"pct":100}}
,"/home/travis/docCode/agreement-orchestration-ux/packages/shared-components/src/components/Nodes/MonitoringStepNode/MonitoringStepNode.tsx": {"lines":{"total":15,"covered":2,"skipped":0,"pct":13.33},"functions":{"total":4,"covered":0,"skipped":0,"pct":0},"statements":{"total":15,"covered":2,"skipped":0,"pct":13.33},"branches":{"total":22,"covered":0,"skipped":0,"pct":0}}
,"/home/travis/docCode/agreement-orchestration-ux/packages/shared-components/src/components/Nodes/PreviewBranchingRuleNode/PreviewBranchingRuleNode.tsx": {"lines":{"total":5,"covered":2,"skipped":0,"pct":40},"functions":{"total":1,"covered":0,"skipped":0,"pct":0},"statements":{"total":5,"covered":2,"skipped":0,"pct":40},"branches":{"total":0,"covered":0,"skipped":0,"pct":100}}
,"/home/travis/docCode/agreement-orchestration-ux/packages/shared-components/src/components/Nodes/PreviewStepNode/PreviewStepNode.tsx": {"lines":{"total":5,"covered":2,"skipped":0,"pct":40},"functions":{"total":1,"covered":0,"skipped":0,"pct":0},"statements":{"total":5,"covered":2,"skipped":0,"pct":40},"branches":{"total":0,"covered":0,"skipped":0,"pct":100}}
,"/home/travis/docCode/agreement-orchestration-ux/packages/shared-components/src/components/Nodes/StartWorkflow/StartWorkflowNode.tsx": {"lines":{"total":3,"covered":1,"skipped":0,"pct":33.33},"functions":{"total":1,"covered":0,"skipped":0,"pct":0},"statements":{"total":3,"covered":1,"skipped":0,"pct":33.33},"branches":{"total":2,"covered":0,"skipped":0,"pct":0}}
,"/home/travis/docCode/agreement-orchestration-ux/packages/shared-components/src/components/Nodes/UtilityCardNode/UtilityCardNode.tsx": {"lines":{"total":6,"covered":1,"skipped":0,"pct":16.66},"functions":{"total":1,"covered":0,"skipped":0,"pct":0},"statements":{"total":6,"covered":1,"skipped":0,"pct":16.66},"branches":{"total":6,"covered":0,"skipped":0,"pct":0}}
,"/home/travis/docCode/agreement-orchestration-ux/packages/shared-components/src/components/Nodes/WorkflowStep/WorkflowStepNode.tsx": {"lines":{"total":11,"covered":2,"skipped":0,"pct":18.18},"functions":{"total":2,"covered":0,"skipped":0,"pct":0},"statements":{"total":11,"covered":2,"skipped":0,"pct":18.18},"branches":{"total":22,"covered":0,"skipped":0,"pct":0}}
,"/home/travis/docCode/agreement-orchestration-ux/packages/shared-components/src/components/ScreenReaderOnlySpan/ScreenReaderOnlySpan.tsx": {"lines":{"total":2,"covered":1,"skipped":0,"pct":50},"functions":{"total":1,"covered":0,"skipped":0,"pct":0},"statements":{"total":2,"covered":1,"skipped":0,"pct":50},"branches":{"total":0,"covered":0,"skipped":0,"pct":100}}
,"/home/travis/docCode/agreement-orchestration-ux/packages/shared-components/src/components/Status/Status.tsx": {"lines":{"total":20,"covered":1,"skipped":0,"pct":5},"functions":{"total":5,"covered":0,"skipped":0,"pct":0},"statements":{"total":22,"covered":1,"skipped":0,"pct":4.54},"branches":{"total":23,"covered":0,"skipped":0,"pct":0}}
,"/home/travis/docCode/agreement-orchestration-ux/packages/shared-components/src/components/TreeList/TreeList.tsx": {"lines":{"total":3,"covered":1,"skipped":0,"pct":33.33},"functions":{"total":1,"covered":0,"skipped":0,"pct":0},"statements":{"total":3,"covered":1,"skipped":0,"pct":33.33},"branches":{"total":0,"covered":0,"skipped":0,"pct":100}}
,"/home/travis/docCode/agreement-orchestration-ux/packages/shared-components/src/components/Typography/Typography.tsx": {"lines":{"total":0,"covered":0,"skipped":0,"pct":100},"functions":{"total":0,"covered":0,"skipped":0,"pct":100},"statements":{"total":0,"covered":0,"skipped":0,"pct":100},"branches":{"total":0,"covered":0,"skipped":0,"pct":100}}
,"/home/travis/docCode/agreement-orchestration-ux/packages/shared-components/src/components/VerticalSliderCard/VerticalSliderCard.tsx": {"lines":{"total":9,"covered":1,"skipped":0,"pct":11.11},"functions":{"total":4,"covered":0,"skipped":0,"pct":0},"statements":{"total":11,"covered":1,"skipped":0,"pct":9.09},"branches":{"total":10,"covered":0,"skipped":0,"pct":0}}
,"/home/travis/docCode/agreement-orchestration-ux/packages/shared-components/src/utils/roundToQuarterDecimal.ts": {"lines":{"total":1,"covered":1,"skipped":0,"pct":100},"functions":{"total":1,"covered":0,"skipped":0,"pct":0},"statements":{"total":2,"covered":1,"skipped":0,"pct":50},"branches":{"total":0,"covered":0,"skipped":0,"pct":100}}
,"/home/travis/docCode/agreement-orchestration-ux/packages/test-utils/src/custom-render/renderWithRouter.tsx": {"lines":{"total":2,"covered":1,"skipped":0,"pct":50},"functions":{"total":1,"covered":0,"skipped":0,"pct":0},"statements":{"total":2,"covered":1,"skipped":0,"pct":50},"branches":{"total":0,"covered":0,"skipped":0,"pct":100}}
,"/home/travis/docCode/agreement-orchestration-ux/packages/test-utils/src/custom-render/renderWithTheme.tsx": {"lines":{"total":4,"covered":2,"skipped":0,"pct":50},"functions":{"total":2,"covered":0,"skipped":0,"pct":0},"statements":{"total":4,"covered":2,"skipped":0,"pct":50},"branches":{"total":0,"covered":0,"skipped":0,"pct":100}}
,"/home/travis/docCode/agreement-orchestration-ux/packages/test-utils/src/i18n-mocks/useTranslate.ts": {"lines":{"total":14,"covered":2,"skipped":0,"pct":14.28},"functions":{"total":3,"covered":0,"skipped":0,"pct":0},"statements":{"total":15,"covered":2,"skipped":0,"pct":13.33},"branches":{"total":2,"covered":0,"skipped":0,"pct":0}}
,"/home/travis/docCode/agreement-orchestration-ux/packages/test-utils/src/mock-data/mockAccountId.ts": {"lines":{"total":1,"covered":1,"skipped":0,"pct":100},"functions":{"total":0,"covered":0,"skipped":0,"pct":100},"statements":{"total":1,"covered":1,"skipped":0,"pct":100},"branches":{"total":0,"covered":0,"skipped":0,"pct":100}}
,"/home/travis/docCode/agreement-orchestration-ux/packages/test-utils/src/mock-data/mockArchiveDefinitionResponse.ts": {"lines":{"total":1,"covered":1,"skipped":0,"pct":100},"functions":{"total":0,"covered":0,"skipped":0,"pct":100},"statements":{"total":1,"covered":1,"skipped":0,"pct":100},"branches":{"total":0,"covered":0,"skipped":0,"pct":100}}
,"/home/travis/docCode/agreement-orchestration-ux/packages/test-utils/src/mock-data/mockConditionEditor.ts": {"lines":{"total":1,"covered":1,"skipped":0,"pct":100},"functions":{"total":0,"covered":0,"skipped":0,"pct":100},"statements":{"total":1,"covered":1,"skipped":0,"pct":100},"branches":{"total":0,"covered":0,"skipped":0,"pct":100}}
,"/home/travis/docCode/agreement-orchestration-ux/packages/test-utils/src/mock-data/mockConfigInstances.ts": {"lines":{"total":1,"covered":1,"skipped":0,"pct":100},"functions":{"total":0,"covered":0,"skipped":0,"pct":100},"statements":{"total":1,"covered":1,"skipped":0,"pct":100},"branches":{"total":0,"covered":0,"skipped":0,"pct":100}}
,"/home/travis/docCode/agreement-orchestration-ux/packages/test-utils/src/mock-data/mockDefinition.ts": {"lines":{"total":25,"covered":25,"skipped":0,"pct":100},"functions":{"total":0,"covered":0,"skipped":0,"pct":100},"statements":{"total":25,"covered":25,"skipped":0,"pct":100},"branches":{"total":0,"covered":0,"skipped":0,"pct":100}}
,"/home/travis/docCode/agreement-orchestration-ux/packages/test-utils/src/mock-data/mockErrors.ts": {"lines":{"total":2,"covered":2,"skipped":0,"pct":100},"functions":{"total":0,"covered":0,"skipped":0,"pct":100},"statements":{"total":2,"covered":2,"skipped":0,"pct":100},"branches":{"total":0,"covered":0,"skipped":0,"pct":100}}
,"/home/travis/docCode/agreement-orchestration-ux/packages/test-utils/src/mock-data/mockFrontEndValidationErrors.ts": {"lines":{"total":4,"covered":4,"skipped":0,"pct":100},"functions":{"total":0,"covered":0,"skipped":0,"pct":100},"statements":{"total":4,"covered":4,"skipped":0,"pct":100},"branches":{"total":0,"covered":0,"skipped":0,"pct":100}}
,"/home/travis/docCode/agreement-orchestration-ux/packages/test-utils/src/mock-data/mockGetAllDefinitions.ts": {"lines":{"total":1,"covered":1,"skipped":0,"pct":100},"functions":{"total":0,"covered":0,"skipped":0,"pct":100},"statements":{"total":1,"covered":1,"skipped":0,"pct":100},"branches":{"total":0,"covered":0,"skipped":0,"pct":100}}
,"/home/travis/docCode/agreement-orchestration-ux/packages/test-utils/src/mock-data/mockGetDefinitionResponse.ts": {"lines":{"total":14,"covered":14,"skipped":0,"pct":100},"functions":{"total":0,"covered":0,"skipped":0,"pct":100},"statements":{"total":14,"covered":14,"skipped":0,"pct":100},"branches":{"total":0,"covered":0,"skipped":0,"pct":100}}
,"/home/travis/docCode/agreement-orchestration-ux/packages/test-utils/src/mock-data/mockGetInstanceResponse.ts": {"lines":{"total":9,"covered":9,"skipped":0,"pct":100},"functions":{"total":0,"covered":0,"skipped":0,"pct":100},"statements":{"total":9,"covered":9,"skipped":0,"pct":100},"branches":{"total":0,"covered":0,"skipped":0,"pct":100}}
,"/home/travis/docCode/agreement-orchestration-ux/packages/test-utils/src/mock-data/mockOrgUser.ts": {"lines":{"total":2,"covered":2,"skipped":0,"pct":100},"functions":{"total":0,"covered":0,"skipped":0,"pct":100},"statements":{"total":2,"covered":2,"skipped":0,"pct":100},"branches":{"total":0,"covered":0,"skipped":0,"pct":100}}
,"/home/travis/docCode/agreement-orchestration-ux/packages/test-utils/src/mock-data/mockParticipants.ts": {"lines":{"total":30,"covered":30,"skipped":0,"pct":100},"functions":{"total":0,"covered":0,"skipped":0,"pct":100},"statements":{"total":30,"covered":30,"skipped":0,"pct":100},"branches":{"total":0,"covered":0,"skipped":0,"pct":100}}
,"/home/travis/docCode/agreement-orchestration-ux/packages/test-utils/src/mock-data/mockPauseResponse.ts": {"lines":{"total":1,"covered":1,"skipped":0,"pct":100},"functions":{"total":0,"covered":0,"skipped":0,"pct":100},"statements":{"total":1,"covered":1,"skipped":0,"pct":100},"branches":{"total":0,"covered":0,"skipped":0,"pct":100}}
,"/home/travis/docCode/agreement-orchestration-ux/packages/test-utils/src/mock-data/mockPublishResponse.ts": {"lines":{"total":10,"covered":10,"skipped":0,"pct":100},"functions":{"total":0,"covered":0,"skipped":0,"pct":100},"statements":{"total":10,"covered":10,"skipped":0,"pct":100},"branches":{"total":0,"covered":0,"skipped":0,"pct":100}}
,"/home/travis/docCode/agreement-orchestration-ux/packages/test-utils/src/mock-data/mockRuntimeInputData.ts": {"lines":{"total":1,"covered":1,"skipped":0,"pct":100},"functions":{"total":0,"covered":0,"skipped":0,"pct":100},"statements":{"total":1,"covered":1,"skipped":0,"pct":100},"branches":{"total":0,"covered":0,"skipped":0,"pct":100}}
,"/home/travis/docCode/agreement-orchestration-ux/packages/test-utils/src/mock-data/mockStartInstanceResponse.ts": {"lines":{"total":1,"covered":1,"skipped":0,"pct":100},"functions":{"total":0,"covered":0,"skipped":0,"pct":100},"statements":{"total":1,"covered":1,"skipped":0,"pct":100},"branches":{"total":0,"covered":0,"skipped":0,"pct":100}}
,"/home/travis/docCode/agreement-orchestration-ux/packages/test-utils/src/mock-data/mockStep.ts": {"lines":{"total":100,"covered":100,"skipped":0,"pct":100},"functions":{"total":0,"covered":0,"skipped":0,"pct":100},"statements":{"total":100,"covered":100,"skipped":0,"pct":100},"branches":{"total":0,"covered":0,"skipped":0,"pct":100}}
,"/home/travis/docCode/agreement-orchestration-ux/packages/test-utils/src/mock-data/mockStepModule.ts": {"lines":{"total":6,"covered":6,"skipped":0,"pct":100},"functions":{"total":0,"covered":0,"skipped":0,"pct":100},"statements":{"total":6,"covered":6,"skipped":0,"pct":100},"branches":{"total":0,"covered":0,"skipped":0,"pct":100}}
,"/home/travis/docCode/agreement-orchestration-ux/packages/test-utils/src/mock-data/mockTrigger.ts": {"lines":{"total":13,"covered":13,"skipped":0,"pct":100},"functions":{"total":0,"covered":0,"skipped":0,"pct":100},"statements":{"total":13,"covered":13,"skipped":0,"pct":100},"branches":{"total":0,"covered":0,"skipped":0,"pct":100}}
,"/home/travis/docCode/agreement-orchestration-ux/packages/test-utils/src/mock-data/mockUnpublishResponse.ts": {"lines":{"total":1,"covered":1,"skipped":0,"pct":100},"functions":{"total":0,"covered":0,"skipped":0,"pct":100},"statements":{"total":1,"covered":1,"skipped":0,"pct":100},"branches":{"total":0,"covered":0,"skipped":0,"pct":100}}
,"/home/travis/docCode/agreement-orchestration-ux/packages/test-utils/src/mock-data/mockVariables.ts": {"lines":{"total":12,"covered":12,"skipped":0,"pct":100},"functions":{"total":0,"covered":0,"skipped":0,"pct":100},"statements":{"total":12,"covered":12,"skipped":0,"pct":100},"branches":{"total":0,"covered":0,"skipped":0,"pct":100}}
,"/home/travis/docCode/agreement-orchestration-ux/packages/test-utils/src/mock-data/mockWorkflowHistory.ts": {"lines":{"total":13,"covered":13,"skipped":0,"pct":100},"functions":{"total":0,"covered":0,"skipped":0,"pct":100},"statements":{"total":13,"covered":13,"skipped":0,"pct":100},"branches":{"total":0,"covered":0,"skipped":0,"pct":100}}
,"/home/travis/docCode/agreement-orchestration-ux/packages/test-utils/src/mock-data/mockWorkflowInstances.ts": {"lines":{"total":4,"covered":4,"skipped":0,"pct":100},"functions":{"total":0,"covered":0,"skipped":0,"pct":100},"statements":{"total":4,"covered":4,"skipped":0,"pct":100},"branches":{"total":0,"covered":0,"skipped":0,"pct":100}}
,"/home/travis/docCode/agreement-orchestration-ux/packages/test-utils/src/mock-data/mockWorkflowList.ts": {"lines":{"total":5,"covered":5,"skipped":0,"pct":100},"functions":{"total":0,"covered":0,"skipped":0,"pct":100},"statements":{"total":5,"covered":5,"skipped":0,"pct":100},"branches":{"total":0,"covered":0,"skipped":0,"pct":100}}
,"/home/travis/docCode/agreement-orchestration-ux/packages/test-utils/src/mock-data/mockWorkflowMetadata.ts": {"lines":{"total":1,"covered":1,"skipped":0,"pct":100},"functions":{"total":0,"covered":0,"skipped":0,"pct":100},"statements":{"total":1,"covered":1,"skipped":0,"pct":100},"branches":{"total":0,"covered":0,"skipped":0,"pct":100}}
,"/home/travis/docCode/agreement-orchestration-ux/packages/utils/src/lib/inputConstants.ts": {"lines":{"total":2,"covered":2,"skipped":0,"pct":100},"functions":{"total":0,"covered":0,"skipped":0,"pct":100},"statements":{"total":2,"covered":2,"skipped":0,"pct":100},"branches":{"total":0,"covered":0,"skipped":0,"pct":100}}
,"/home/travis/docCode/agreement-orchestration-ux/packages/utils/src/lib/urlConstants.ts": {"lines":{"total":2,"covered":1,"skipped":0,"pct":50},"functions":{"total":1,"covered":0,"skipped":0,"pct":0},"statements":{"total":2,"covered":1,"skipped":0,"pct":50},"branches":{"total":4,"covered":0,"skipped":0,"pct":0}}
,"/home/travis/docCode/agreement-orchestration-ux/packages/utils/src/lib/1ds/isOneDSShell.ts": {"lines":{"total":3,"covered":3,"skipped":0,"pct":100},"functions":{"total":1,"covered":1,"skipped":0,"pct":100},"statements":{"total":3,"covered":3,"skipped":0,"pct":100},"branches":{"total":2,"covered":1,"skipped":0,"pct":50}}
,"/home/travis/docCode/agreement-orchestration-ux/packages/utils/src/lib/api/fetchBaseQueryWithLogger.ts": {"lines":{"total":13,"covered":3,"skipped":0,"pct":23.07},"functions":{"total":4,"covered":1,"skipped":0,"pct":25},"statements":{"total":13,"covered":3,"skipped":0,"pct":23.07},"branches":{"total":8,"covered":0,"skipped":0,"pct":0}}
,"/home/travis/docCode/agreement-orchestration-ux/packages/utils/src/lib/api/fetchStaggeredBaseQueryWithLogger.ts": {"lines":{"total":9,"covered":1,"skipped":0,"pct":11.11},"functions":{"total":6,"covered":0,"skipped":0,"pct":0},"statements":{"total":13,"covered":1,"skipped":0,"pct":7.69},"branches":{"total":4,"covered":0,"skipped":0,"pct":0}}
,"/home/travis/docCode/agreement-orchestration-ux/packages/utils/src/lib/api/getBasePathForService.ts": {"lines":{"total":4,"covered":0,"skipped":0,"pct":0},"functions":{"total":1,"covered":0,"skipped":0,"pct":0},"statements":{"total":4,"covered":0,"skipped":0,"pct":0},"branches":{"total":2,"covered":0,"skipped":0,"pct":0}}
,"/home/travis/docCode/agreement-orchestration-ux/packages/utils/src/lib/api/getBaseUrl.ts": {"lines":{"total":34,"covered":7,"skipped":0,"pct":20.58},"functions":{"total":5,"covered":1,"skipped":0,"pct":20},"statements":{"total":37,"covered":7,"skipped":0,"pct":18.91},"branches":{"total":27,"covered":2,"skipped":0,"pct":7.4}}
,"/home/travis/docCode/agreement-orchestration-ux/packages/utils/src/lib/browsersUtils/fileDownloadUtility.ts": {"lines":{"total":6,"covered":0,"skipped":0,"pct":0},"functions":{"total":1,"covered":0,"skipped":0,"pct":0},"statements":{"total":6,"covered":0,"skipped":0,"pct":0},"branches":{"total":0,"covered":0,"skipped":0,"pct":100}}
,"/home/travis/docCode/agreement-orchestration-ux/packages/utils/src/lib/browsersUtils/useNavigatorProperty.ts": {"lines":{"total":7,"covered":1,"skipped":0,"pct":14.28},"functions":{"total":2,"covered":0,"skipped":0,"pct":0},"statements":{"total":7,"covered":1,"skipped":0,"pct":14.28},"branches":{"total":6,"covered":0,"skipped":0,"pct":0}}
,"/home/travis/docCode/agreement-orchestration-ux/packages/utils/src/lib/experiments/ExperimentsSettings.ts": {"lines":{"total":3,"covered":3,"skipped":0,"pct":100},"functions":{"total":0,"covered":0,"skipped":0,"pct":100},"statements":{"total":3,"covered":3,"skipped":0,"pct":100},"branches":{"total":0,"covered":0,"skipped":0,"pct":100}}
,"/home/travis/docCode/agreement-orchestration-ux/packages/utils/src/lib/experiments/experiments.ts": {"lines":{"total":1,"covered":1,"skipped":0,"pct":100},"functions":{"total":0,"covered":0,"skipped":0,"pct":100},"statements":{"total":1,"covered":1,"skipped":0,"pct":100},"branches":{"total":0,"covered":0,"skipped":0,"pct":100}}
,"/home/travis/docCode/agreement-orchestration-ux/packages/utils/src/lib/functional/commonRegex.ts": {"lines":{"total":5,"covered":5,"skipped":0,"pct":100},"functions":{"total":0,"covered":0,"skipped":0,"pct":100},"statements":{"total":5,"covered":5,"skipped":0,"pct":100},"branches":{"total":0,"covered":0,"skipped":0,"pct":100}}
,"/home/travis/docCode/agreement-orchestration-ux/packages/utils/src/lib/functional/numberValidation.ts": {"lines":{"total":34,"covered":4,"skipped":0,"pct":11.76},"functions":{"total":5,"covered":0,"skipped":0,"pct":0},"statements":{"total":35,"covered":4,"skipped":0,"pct":11.42},"branches":{"total":39,"covered":0,"skipped":0,"pct":0}}
,"/home/travis/docCode/agreement-orchestration-ux/packages/utils/src/lib/functional/stepUtils.ts": {"lines":{"total":143,"covered":7,"skipped":0,"pct":4.89},"functions":{"total":14,"covered":0,"skipped":0,"pct":0},"statements":{"total":144,"covered":7,"skipped":0,"pct":4.86},"branches":{"total":62,"covered":0,"skipped":0,"pct":0}}
,"/home/travis/docCode/agreement-orchestration-ux/packages/utils/src/lib/functional/workflowUtils.ts": {"lines":{"total":14,"covered":3,"skipped":0,"pct":21.42},"functions":{"total":3,"covered":0,"skipped":0,"pct":0},"statements":{"total":14,"covered":3,"skipped":0,"pct":21.42},"branches":{"total":10,"covered":0,"skipped":0,"pct":0}}
,"/home/travis/docCode/agreement-orchestration-ux/packages/utils/src/lib/i18n/normalizeLocale.ts": {"lines":{"total":1,"covered":0,"skipped":0,"pct":0},"functions":{"total":1,"covered":0,"skipped":0,"pct":0},"statements":{"total":1,"covered":0,"skipped":0,"pct":0},"branches":{"total":0,"covered":0,"skipped":0,"pct":100}}
,"/home/travis/docCode/agreement-orchestration-ux/packages/utils/src/lib/i18n/translateFunction.ts": {"lines":{"total":0,"covered":0,"skipped":0,"pct":100},"functions":{"total":0,"covered":0,"skipped":0,"pct":100},"statements":{"total":0,"covered":0,"skipped":0,"pct":100},"branches":{"total":0,"covered":0,"skipped":0,"pct":100}}
,"/home/travis/docCode/agreement-orchestration-ux/packages/utils/src/lib/localizedState/localizedState.ts": {"lines":{"total":16,"covered":2,"skipped":0,"pct":12.5},"functions":{"total":2,"covered":0,"skipped":0,"pct":0},"statements":{"total":16,"covered":2,"skipped":0,"pct":12.5},"branches":{"total":12,"covered":0,"skipped":0,"pct":0}}
,"/home/travis/docCode/agreement-orchestration-ux/packages/utils/src/lib/logger/logger.constants.ts": {"lines":{"total":4,"covered":4,"skipped":0,"pct":100},"functions":{"total":0,"covered":0,"skipped":0,"pct":100},"statements":{"total":4,"covered":4,"skipped":0,"pct":100},"branches":{"total":0,"covered":0,"skipped":0,"pct":100}}
,"/home/travis/docCode/agreement-orchestration-ux/packages/utils/src/lib/logger/logger.ts": {"lines":{"total":54,"covered":7,"skipped":0,"pct":12.96},"functions":{"total":9,"covered":0,"skipped":0,"pct":0},"statements":{"total":55,"covered":7,"skipped":0,"pct":12.72},"branches":{"total":32,"covered":0,"skipped":0,"pct":0}}
,"/home/travis/docCode/agreement-orchestration-ux/packages/utils/src/lib/logger/logger.utils.ts": {"lines":{"total":14,"covered":0,"skipped":0,"pct":0},"functions":{"total":7,"covered":0,"skipped":0,"pct":0},"statements":{"total":14,"covered":0,"skipped":0,"pct":0},"branches":{"total":12,"covered":0,"skipped":0,"pct":0}}
,"/home/travis/docCode/agreement-orchestration-ux/packages/utils/src/lib/logger/session.ts": {"lines":{"total":6,"covered":6,"skipped":0,"pct":100},"functions":{"total":1,"covered":1,"skipped":0,"pct":100},"statements":{"total":7,"covered":6,"skipped":0,"pct":85.71},"branches":{"total":2,"covered":1,"skipped":0,"pct":50}}
,"/home/travis/docCode/agreement-orchestration-ux/packages/utils/src/lib/mixpanel/mixpanelProperties.ts": {"lines":{"total":5,"covered":2,"skipped":0,"pct":40},"functions":{"total":1,"covered":0,"skipped":0,"pct":0},"statements":{"total":5,"covered":2,"skipped":0,"pct":40},"branches":{"total":0,"covered":0,"skipped":0,"pct":100}}
,"/home/travis/docCode/agreement-orchestration-ux/packages/utils/src/lib/module/moduleUtils.ts": {"lines":{"total":4,"covered":2,"skipped":0,"pct":50},"functions":{"total":2,"covered":0,"skipped":0,"pct":0},"statements":{"total":4,"covered":2,"skipped":0,"pct":50},"branches":{"total":6,"covered":0,"skipped":0,"pct":0}}
,"/home/travis/docCode/agreement-orchestration-ux/packages/utils/src/lib/mouseEventDetect/mouseEventDetect.ts": {"lines":{"total":4,"covered":1,"skipped":0,"pct":25},"functions":{"total":1,"covered":0,"skipped":0,"pct":0},"statements":{"total":4,"covered":1,"skipped":0,"pct":25},"branches":{"total":2,"covered":0,"skipped":0,"pct":0}}
,"/home/travis/docCode/agreement-orchestration-ux/packages/utils/src/lib/types/writeable.ts": {"lines":{"total":0,"covered":0,"skipped":0,"pct":100},"functions":{"total":0,"covered":0,"skipped":0,"pct":100},"statements":{"total":0,"covered":0,"skipped":0,"pct":100},"branches":{"total":0,"covered":0,"skipped":0,"pct":100}}
,"/home/travis/docCode/agreement-orchestration-ux/packages/utils/src/lib/workflow-tree/workflowTree.ts": {"lines":{"total":187,"covered":18,"skipped":0,"pct":9.62},"functions":{"total":23,"covered":0,"skipped":0,"pct":0},"statements":{"total":192,"covered":18,"skipped":0,"pct":9.37},"branches":{"total":170,"covered":0,"skipped":0,"pct":0}}
,"/home/travis/docCode/agreement-orchestration-ux/packages/utils/src/lib/workflow-tree/workflowTreeUtils.ts": {"lines":{"total":69,"covered":6,"skipped":0,"pct":8.69},"functions":{"total":8,"covered":0,"skipped":0,"pct":0},"statements":{"total":69,"covered":6,"skipped":0,"pct":8.69},"branches":{"total":84,"covered":0,"skipped":0,"pct":0}}
,"/home/travis/docCode/agreement-orchestration-ux/packages/utils/src/store/slices/apiSlice.ts": {"lines":{"total":9,"covered":3,"skipped":0,"pct":33.33},"functions":{"total":6,"covered":2,"skipped":0,"pct":33.33},"statements":{"total":9,"covered":3,"skipped":0,"pct":33.33},"branches":{"total":6,"covered":0,"skipped":0,"pct":0}}
,"/home/travis/docCode/agreement-orchestration-ux/src/locales/helpers.ts": {"lines":{"total":35,"covered":19,"skipped":0,"pct":54.28},"functions":{"total":8,"covered":6,"skipped":0,"pct":75},"statements":{"total":35,"covered":19,"skipped":0,"pct":54.28},"branches":{"total":22,"covered":11,"skipped":0,"pct":50}}
}
